The system is: Linux - 6.1.0-37-amd64 - x86_64
Compiling the C compiler identification source file "CMakeCCompilerId.c" succeeded.
Compiler: /SHARE/modules/d12/gcc/12.2.0/bin/gcc 
Build flags: 
Id flags:  

The output was:
0


Compilation of the C compiler identification source "CMakeCCompilerId.c" produced "a.out"

The C compiler identification is GNU, found in "/SHARE/groups/np/Geant4/TU1CSeibt250924/Simulation/build/CMakeFiles/3.25.1/CompilerIdC/a.out"

Compiling the CXX compiler identification source file "CMakeCXXCompilerId.cpp" succeeded.
Compiler: /SHARE/modules/d12/gcc/12.2.0/bin/g++ 
Build flags: 
Id flags:  

The output was:
0


Compilation of the CXX compiler identification source "CMakeCXXCompilerId.cpp" produced "a.out"

The CXX compiler identification is GNU, found in "/SHARE/groups/np/Geant4/TU1CSeibt250924/Simulation/build/CMakeFiles/3.25.1/CompilerIdCXX/a.out"

Detecting C compiler ABI info compiled with the following output:
Change Dir: /SHARE/groups/np/Geant4/TU1CSeibt250924/Simulation/build/CMakeFiles/CMakeScratch/TryCompile-XfCUGp

Run Build Command(s):/usr/bin/gmake -f Makefile cmTC_47e0c/fast && /usr/bin/gmake  -f CMakeFiles/cmTC_47e0c.dir/build.make CMakeFiles/cmTC_47e0c.dir/build
gmake[1]: Entering directory '/SHARE/groups/np/Geant4/TU1CSeibt250924/Simulation/build/CMakeFiles/CMakeScratch/TryCompile-XfCUGp'
Building C object CMakeFiles/cmTC_47e0c.dir/CMakeCCompilerABI.c.o
/SHARE/modules/d12/gcc/12.2.0/bin/gcc   -v -o CMakeFiles/cmTC_47e0c.dir/CMakeCCompilerABI.c.o -c /usr/share/cmake-3.25/Modules/CMakeCCompilerABI.c
Using built-in specs.
COLLECT_GCC=/SHARE/modules/d12/gcc/12.2.0/bin/gcc
Target: x86_64-linux-gnu
Configured with: ./configure -v --enable-bootstrap --enable-checking=release --disable-multilib --enable-languages=c,c++,fortran --build=x86_64-linux-gnu --host=x86_64-linux-gnu --target=x86_64-linux-gnu --prefix=/SHARE/modules/d12/gcc-12.2.0
Thread model: posix
Supported LTO compression algorithms: zlib
gcc version 12.2.0 (GCC) 
COLLECT_GCC_OPTIONS='-v' '-o' 'CMakeFiles/cmTC_47e0c.dir/CMakeCCompilerABI.c.o' '-c' '-mtune=generic' '-march=x86-64' '-dumpdir' 'CMakeFiles/cmTC_47e0c.dir/'
 /SHARE/modules/d12/gcc/12.2.0/bin/../libexec/gcc/x86_64-linux-gnu/12.2.0/cc1 -quiet -v -imultiarch x86_64-linux-gnu -iprefix /SHARE/modules/d12/gcc/12.2.0/bin/../lib/gcc/x86_64-linux-gnu/12.2.0/ /usr/share/cmake-3.25/Modules/CMakeCCompilerABI.c -quiet -dumpdir CMakeFiles/cmTC_47e0c.dir/ -dumpbase CMakeCCompilerABI.c.c -dumpbase-ext .c -mtune=generic -march=x86-64 -version -o /tmp/ccnRD4j5.s
GNU C17 (GCC) version 12.2.0 (x86_64-linux-gnu)
	compiled by GNU C version 12.2.0, GMP version 6.2.1, MPFR version 4.1.0, MPC version 1.2.1, isl version isl-0.24-GMP

GGC heuristics: --param ggc-min-expand=100 --param ggc-min-heapsize=131072
ignoring nonexistent directory "/SHARE/modules/d12/gcc/12.2.0/bin/../lib/gcc/x86_64-linux-gnu/12.2.0/../../../../x86_64-linux-gnu/include"
ignoring duplicate directory "/SHARE/modules/d12/gcc/12.2.0/bin/../lib/gcc/../../lib/gcc/x86_64-linux-gnu/12.2.0/include"
ignoring nonexistent directory "/usr/local/include/x86_64-linux-gnu"
ignoring duplicate directory "/SHARE/modules/d12/gcc/12.2.0/bin/../lib/gcc/../../lib/gcc/x86_64-linux-gnu/12.2.0/include-fixed"
ignoring nonexistent directory "/SHARE/modules/d12/gcc/12.2.0/bin/../lib/gcc/../../lib/gcc/x86_64-linux-gnu/12.2.0/../../../../x86_64-linux-gnu/include"
#include "..." search starts here:
#include <...> search starts here:
 /SHARE/modules/d12/gcc/12.2.0/bin/../lib/gcc/x86_64-linux-gnu/12.2.0/include
 /SHARE/modules/d12/gcc/12.2.0/bin/../lib/gcc/x86_64-linux-gnu/12.2.0/include-fixed
 /usr/local/include
 /SHARE/modules/d12/gcc/12.2.0/bin/../lib/gcc/../../include
 /usr/include/x86_64-linux-gnu
 /usr/include
End of search list.
GNU C17 (GCC) version 12.2.0 (x86_64-linux-gnu)
	compiled by GNU C version 12.2.0, GMP version 6.2.1, MPFR version 4.1.0, MPC version 1.2.1, isl version isl-0.24-GMP

GGC heuristics: --param ggc-min-expand=100 --param ggc-min-heapsize=131072
Compiler executable checksum: 014c22949572e47e2d9c7f59be071dba
COLLECT_GCC_OPTIONS='-v' '-o' 'CMakeFiles/cmTC_47e0c.dir/CMakeCCompilerABI.c.o' '-c' '-mtune=generic' '-march=x86-64' '-dumpdir' 'CMakeFiles/cmTC_47e0c.dir/'
 as -v --64 -o CMakeFiles/cmTC_47e0c.dir/CMakeCCompilerABI.c.o /tmp/ccnRD4j5.s
GNU assembler version 2.40 (x86_64-linux-gnu) using BFD version (GNU Binutils for Debian) 2.40
COMPILER_PATH=/SHARE/modules/d12/gcc/12.2.0/bin/../libexec/gcc/x86_64-linux-gnu/12.2.0/:/SHARE/modules/d12/gcc/12.2.0/bin/../libexec/gcc/x86_64-linux-gnu/:/SHARE/modules/d12/gcc/12.2.0/bin/../libexec/gcc/
LIBRARY_PATH=/SHARE/modules/d12/gcc/12.2.0/bin/../lib/gcc/x86_64-linux-gnu/12.2.0/:/SHARE/modules/d12/gcc/12.2.0/bin/../lib/gcc/x86_64-linux-gnu/:/SHARE/modules/d12/gcc/12.2.0/bin/../lib/gcc/:/SHARE/modules/d12/gcc/12.2.0/bin/../lib/gcc/x86_64-linux-gnu/12.2.0/../../../../lib64/:/lib/x86_64-linux-gnu/:/lib/../lib64/:/usr/lib/x86_64-linux-gnu/:/usr/lib/../lib64/:/SHARE/modules/d12/gcc/12.2.0/bin/../lib/gcc/x86_64-linux-gnu/12.2.0/../../../:/lib/:/usr/lib/
COLLECT_GCC_OPTIONS='-v' '-o' 'CMakeFiles/cmTC_47e0c.dir/CMakeCCompilerABI.c.o' '-c' '-mtune=generic' '-march=x86-64' '-dumpdir' 'CMakeFiles/cmTC_47e0c.dir/CMakeCCompilerABI.c.'
Linking C executable cmTC_47e0c
/usr/bin/cmake -E cmake_link_script CMakeFiles/cmTC_47e0c.dir/link.txt --verbose=1
/SHARE/modules/d12/gcc/12.2.0/bin/gcc  -v CMakeFiles/cmTC_47e0c.dir/CMakeCCompilerABI.c.o -o cmTC_47e0c 
Using built-in specs.
COLLECT_GCC=/SHARE/modules/d12/gcc/12.2.0/bin/gcc
COLLECT_LTO_WRAPPER=/SHARE/modules/d12/gcc/12.2.0/bin/../libexec/gcc/x86_64-linux-gnu/12.2.0/lto-wrapper
Target: x86_64-linux-gnu
Configured with: ./configure -v --enable-bootstrap --enable-checking=release --disable-multilib --enable-languages=c,c++,fortran --build=x86_64-linux-gnu --host=x86_64-linux-gnu --target=x86_64-linux-gnu --prefix=/SHARE/modules/d12/gcc-12.2.0
Thread model: posix
Supported LTO compression algorithms: zlib
gcc version 12.2.0 (GCC) 
COMPILER_PATH=/SHARE/modules/d12/gcc/12.2.0/bin/../libexec/gcc/x86_64-linux-gnu/12.2.0/:/SHARE/modules/d12/gcc/12.2.0/bin/../libexec/gcc/x86_64-linux-gnu/:/SHARE/modules/d12/gcc/12.2.0/bin/../libexec/gcc/
LIBRARY_PATH=/SHARE/modules/d12/gcc/12.2.0/bin/../lib/gcc/x86_64-linux-gnu/12.2.0/:/SHARE/modules/d12/gcc/12.2.0/bin/../lib/gcc/x86_64-linux-gnu/:/SHARE/modules/d12/gcc/12.2.0/bin/../lib/gcc/:/SHARE/modules/d12/gcc/12.2.0/bin/../lib/gcc/x86_64-linux-gnu/12.2.0/../../../../lib64/:/lib/x86_64-linux-gnu/:/lib/../lib64/:/usr/lib/x86_64-linux-gnu/:/usr/lib/../lib64/:/SHARE/modules/d12/gcc/12.2.0/bin/../lib/gcc/x86_64-linux-gnu/12.2.0/../../../:/lib/:/usr/lib/
COLLECT_GCC_OPTIONS='-v' '-o' 'cmTC_47e0c' '-mtune=generic' '-march=x86-64' '-dumpdir' 'cmTC_47e0c.'
 /SHARE/modules/d12/gcc/12.2.0/bin/../libexec/gcc/x86_64-linux-gnu/12.2.0/collect2 -plugin /SHARE/modules/d12/gcc/12.2.0/bin/../libexec/gcc/x86_64-linux-gnu/12.2.0/liblto_plugin.so -plugin-opt=/SHARE/modules/d12/gcc/12.2.0/bin/../libexec/gcc/x86_64-linux-gnu/12.2.0/lto-wrapper -plugin-opt=-fresolution=/tmp/ccK4e06B.res -plugin-opt=-pass-through=-lgcc -plugin-opt=-pass-through=-lgcc_s -plugin-opt=-pass-through=-lc -plugin-opt=-pass-through=-lgcc -plugin-opt=-pass-through=-lgcc_s --eh-frame-hdr -m elf_x86_64 -dynamic-linker /lib64/ld-linux-x86-64.so.2 -o cmTC_47e0c /lib/x86_64-linux-gnu/crt1.o /lib/x86_64-linux-gnu/crti.o /SHARE/modules/d12/gcc/12.2.0/bin/../lib/gcc/x86_64-linux-gnu/12.2.0/crtbegin.o -L/SHARE/modules/d12/gcc/12.2.0/bin/../lib/gcc/x86_64-linux-gnu/12.2.0 -L/SHARE/modules/d12/gcc/12.2.0/bin/../lib/gcc/x86_64-linux-gnu -L/SHARE/modules/d12/gcc/12.2.0/bin/../lib/gcc -L/SHARE/modules/d12/gcc/12.2.0/bin/../lib/gcc/x86_64-linux-gnu/12.2.0/../../../../lib64 -L/lib/x86_64-linux-gnu -L/lib/../lib64 -L/usr/lib/x86_64-linux-gnu -L/usr/lib/../lib64 -L/SHARE/modules/d12/gcc/12.2.0/bin/../lib/gcc/x86_64-linux-gnu/12.2.0/../../.. CMakeFiles/cmTC_47e0c.dir/CMakeCCompilerABI.c.o -lgcc --push-state --as-needed -lgcc_s --pop-state -lc -lgcc --push-state --as-needed -lgcc_s --pop-state /SHARE/modules/d12/gcc/12.2.0/bin/../lib/gcc/x86_64-linux-gnu/12.2.0/crtend.o /lib/x86_64-linux-gnu/crtn.o
COLLECT_GCC_OPTIONS='-v' '-o' 'cmTC_47e0c' '-mtune=generic' '-march=x86-64' '-dumpdir' 'cmTC_47e0c.'
gmake[1]: Leaving directory '/SHARE/groups/np/Geant4/TU1CSeibt250924/Simulation/build/CMakeFiles/CMakeScratch/TryCompile-XfCUGp'



Parsed C implicit include dir info from above output: rv=done
  found start of include info
  found start of implicit include info
    add: [/SHARE/modules/d12/gcc/12.2.0/bin/../lib/gcc/x86_64-linux-gnu/12.2.0/include]
    add: [/SHARE/modules/d12/gcc/12.2.0/bin/../lib/gcc/x86_64-linux-gnu/12.2.0/include-fixed]
    add: [/usr/local/include]
    add: [/SHARE/modules/d12/gcc/12.2.0/bin/../lib/gcc/../../include]
    add: [/usr/include/x86_64-linux-gnu]
    add: [/usr/include]
  end of search list found
  collapse include dir [/SHARE/modules/d12/gcc/12.2.0/bin/../lib/gcc/x86_64-linux-gnu/12.2.0/include] ==> [/SHARE/modules/d12/gcc/12.2.0/lib/gcc/x86_64-linux-gnu/12.2.0/include]
  collapse include dir [/SHARE/modules/d12/gcc/12.2.0/bin/../lib/gcc/x86_64-linux-gnu/12.2.0/include-fixed] ==> [/SHARE/modules/d12/gcc/12.2.0/lib/gcc/x86_64-linux-gnu/12.2.0/include-fixed]
  collapse include dir [/usr/local/include] ==> [/usr/local/include]
  collapse include dir [/SHARE/modules/d12/gcc/12.2.0/bin/../lib/gcc/../../include] ==> [/SHARE/modules/d12/gcc/12.2.0/include]
  collapse include dir [/usr/include/x86_64-linux-gnu] ==> [/usr/include/x86_64-linux-gnu]
  collapse include dir [/usr/include] ==> [/usr/include]
  implicit include dirs: [/SHARE/modules/d12/gcc/12.2.0/lib/gcc/x86_64-linux-gnu/12.2.0/include;/SHARE/modules/d12/gcc/12.2.0/lib/gcc/x86_64-linux-gnu/12.2.0/include-fixed;/usr/local/include;/SHARE/modules/d12/gcc/12.2.0/include;/usr/include/x86_64-linux-gnu;/usr/include]


Parsed C implicit link information from above output:
  link line regex: [^( *|.*[/\])(ld|CMAKE_LINK_STARTFILE-NOTFOUND|([^/\]+-)?ld|collect2)[^/\]*( |$)]
  ignore line: [Change Dir: /SHARE/groups/np/Geant4/TU1CSeibt250924/Simulation/build/CMakeFiles/CMakeScratch/TryCompile-XfCUGp]
  ignore line: []
  ignore line: [Run Build Command(s):/usr/bin/gmake -f Makefile cmTC_47e0c/fast && /usr/bin/gmake  -f CMakeFiles/cmTC_47e0c.dir/build.make CMakeFiles/cmTC_47e0c.dir/build]
  ignore line: [gmake[1]: Entering directory '/SHARE/groups/np/Geant4/TU1CSeibt250924/Simulation/build/CMakeFiles/CMakeScratch/TryCompile-XfCUGp']
  ignore line: [Building C object CMakeFiles/cmTC_47e0c.dir/CMakeCCompilerABI.c.o]
  ignore line: [/SHARE/modules/d12/gcc/12.2.0/bin/gcc   -v -o CMakeFiles/cmTC_47e0c.dir/CMakeCCompilerABI.c.o -c /usr/share/cmake-3.25/Modules/CMakeCCompilerABI.c]
  ignore line: [Using built-in specs.]
  ignore line: [COLLECT_GCC=/SHARE/modules/d12/gcc/12.2.0/bin/gcc]
  ignore line: [Target: x86_64-linux-gnu]
  ignore line: [Configured with: ./configure -v --enable-bootstrap --enable-checking=release --disable-multilib --enable-languages=c c++ fortran --build=x86_64-linux-gnu --host=x86_64-linux-gnu --target=x86_64-linux-gnu --prefix=/SHARE/modules/d12/gcc-12.2.0]
  ignore line: [Thread model: posix]
  ignore line: [Supported LTO compression algorithms: zlib]
  ignore line: [gcc version 12.2.0 (GCC) ]
  ignore line: [COLLECT_GCC_OPTIONS='-v' '-o' 'CMakeFiles/cmTC_47e0c.dir/CMakeCCompilerABI.c.o' '-c' '-mtune=generic' '-march=x86-64' '-dumpdir' 'CMakeFiles/cmTC_47e0c.dir/']
  ignore line: [ /SHARE/modules/d12/gcc/12.2.0/bin/../libexec/gcc/x86_64-linux-gnu/12.2.0/cc1 -quiet -v -imultiarch x86_64-linux-gnu -iprefix /SHARE/modules/d12/gcc/12.2.0/bin/../lib/gcc/x86_64-linux-gnu/12.2.0/ /usr/share/cmake-3.25/Modules/CMakeCCompilerABI.c -quiet -dumpdir CMakeFiles/cmTC_47e0c.dir/ -dumpbase CMakeCCompilerABI.c.c -dumpbase-ext .c -mtune=generic -march=x86-64 -version -o /tmp/ccnRD4j5.s]
  ignore line: [GNU C17 (GCC) version 12.2.0 (x86_64-linux-gnu)]
  ignore line: [	compiled by GNU C version 12.2.0  GMP version 6.2.1  MPFR version 4.1.0  MPC version 1.2.1  isl version isl-0.24-GMP]
  ignore line: []
  ignore line: [GGC heuristics: --param ggc-min-expand=100 --param ggc-min-heapsize=131072]
  ignore line: [ignoring nonexistent directory "/SHARE/modules/d12/gcc/12.2.0/bin/../lib/gcc/x86_64-linux-gnu/12.2.0/../../../../x86_64-linux-gnu/include"]
  ignore line: [ignoring duplicate directory "/SHARE/modules/d12/gcc/12.2.0/bin/../lib/gcc/../../lib/gcc/x86_64-linux-gnu/12.2.0/include"]
  ignore line: [ignoring nonexistent directory "/usr/local/include/x86_64-linux-gnu"]
  ignore line: [ignoring duplicate directory "/SHARE/modules/d12/gcc/12.2.0/bin/../lib/gcc/../../lib/gcc/x86_64-linux-gnu/12.2.0/include-fixed"]
  ignore line: [ignoring nonexistent directory "/SHARE/modules/d12/gcc/12.2.0/bin/../lib/gcc/../../lib/gcc/x86_64-linux-gnu/12.2.0/../../../../x86_64-linux-gnu/include"]
  ignore line: [#include "..." search starts here:]
  ignore line: [#include <...> search starts here:]
  ignore line: [ /SHARE/modules/d12/gcc/12.2.0/bin/../lib/gcc/x86_64-linux-gnu/12.2.0/include]
  ignore line: [ /SHARE/modules/d12/gcc/12.2.0/bin/../lib/gcc/x86_64-linux-gnu/12.2.0/include-fixed]
  ignore line: [ /usr/local/include]
  ignore line: [ /SHARE/modules/d12/gcc/12.2.0/bin/../lib/gcc/../../include]
  ignore line: [ /usr/include/x86_64-linux-gnu]
  ignore line: [ /usr/include]
  ignore line: [End of search list.]
  ignore line: [GNU C17 (GCC) version 12.2.0 (x86_64-linux-gnu)]
  ignore line: [	compiled by GNU C version 12.2.0  GMP version 6.2.1  MPFR version 4.1.0  MPC version 1.2.1  isl version isl-0.24-GMP]
  ignore line: []
  ignore line: [GGC heuristics: --param ggc-min-expand=100 --param ggc-min-heapsize=131072]
  ignore line: [Compiler executable checksum: 014c22949572e47e2d9c7f59be071dba]
  ignore line: [COLLECT_GCC_OPTIONS='-v' '-o' 'CMakeFiles/cmTC_47e0c.dir/CMakeCCompilerABI.c.o' '-c' '-mtune=generic' '-march=x86-64' '-dumpdir' 'CMakeFiles/cmTC_47e0c.dir/']
  ignore line: [ as -v --64 -o CMakeFiles/cmTC_47e0c.dir/CMakeCCompilerABI.c.o /tmp/ccnRD4j5.s]
  ignore line: [GNU assembler version 2.40 (x86_64-linux-gnu) using BFD version (GNU Binutils for Debian) 2.40]
  ignore line: [COMPILER_PATH=/SHARE/modules/d12/gcc/12.2.0/bin/../libexec/gcc/x86_64-linux-gnu/12.2.0/:/SHARE/modules/d12/gcc/12.2.0/bin/../libexec/gcc/x86_64-linux-gnu/:/SHARE/modules/d12/gcc/12.2.0/bin/../libexec/gcc/]
  ignore line: [LIBRARY_PATH=/SHARE/modules/d12/gcc/12.2.0/bin/../lib/gcc/x86_64-linux-gnu/12.2.0/:/SHARE/modules/d12/gcc/12.2.0/bin/../lib/gcc/x86_64-linux-gnu/:/SHARE/modules/d12/gcc/12.2.0/bin/../lib/gcc/:/SHARE/modules/d12/gcc/12.2.0/bin/../lib/gcc/x86_64-linux-gnu/12.2.0/../../../../lib64/:/lib/x86_64-linux-gnu/:/lib/../lib64/:/usr/lib/x86_64-linux-gnu/:/usr/lib/../lib64/:/SHARE/modules/d12/gcc/12.2.0/bin/../lib/gcc/x86_64-linux-gnu/12.2.0/../../../:/lib/:/usr/lib/]
  ignore line: [COLLECT_GCC_OPTIONS='-v' '-o' 'CMakeFiles/cmTC_47e0c.dir/CMakeCCompilerABI.c.o' '-c' '-mtune=generic' '-march=x86-64' '-dumpdir' 'CMakeFiles/cmTC_47e0c.dir/CMakeCCompilerABI.c.']
  ignore line: [Linking C executable cmTC_47e0c]
  ignore line: [/usr/bin/cmake -E cmake_link_script CMakeFiles/cmTC_47e0c.dir/link.txt --verbose=1]
  ignore line: [/SHARE/modules/d12/gcc/12.2.0/bin/gcc  -v CMakeFiles/cmTC_47e0c.dir/CMakeCCompilerABI.c.o -o cmTC_47e0c ]
  ignore line: [Using built-in specs.]
  ignore line: [COLLECT_GCC=/SHARE/modules/d12/gcc/12.2.0/bin/gcc]
  ignore line: [COLLECT_LTO_WRAPPER=/SHARE/modules/d12/gcc/12.2.0/bin/../libexec/gcc/x86_64-linux-gnu/12.2.0/lto-wrapper]
  ignore line: [Target: x86_64-linux-gnu]
  ignore line: [Configured with: ./configure -v --enable-bootstrap --enable-checking=release --disable-multilib --enable-languages=c c++ fortran --build=x86_64-linux-gnu --host=x86_64-linux-gnu --target=x86_64-linux-gnu --prefix=/SHARE/modules/d12/gcc-12.2.0]
  ignore line: [Thread model: posix]
  ignore line: [Supported LTO compression algorithms: zlib]
  ignore line: [gcc version 12.2.0 (GCC) ]
  ignore line: [COMPILER_PATH=/SHARE/modules/d12/gcc/12.2.0/bin/../libexec/gcc/x86_64-linux-gnu/12.2.0/:/SHARE/modules/d12/gcc/12.2.0/bin/../libexec/gcc/x86_64-linux-gnu/:/SHARE/modules/d12/gcc/12.2.0/bin/../libexec/gcc/]
  ignore line: [LIBRARY_PATH=/SHARE/modules/d12/gcc/12.2.0/bin/../lib/gcc/x86_64-linux-gnu/12.2.0/:/SHARE/modules/d12/gcc/12.2.0/bin/../lib/gcc/x86_64-linux-gnu/:/SHARE/modules/d12/gcc/12.2.0/bin/../lib/gcc/:/SHARE/modules/d12/gcc/12.2.0/bin/../lib/gcc/x86_64-linux-gnu/12.2.0/../../../../lib64/:/lib/x86_64-linux-gnu/:/lib/../lib64/:/usr/lib/x86_64-linux-gnu/:/usr/lib/../lib64/:/SHARE/modules/d12/gcc/12.2.0/bin/../lib/gcc/x86_64-linux-gnu/12.2.0/../../../:/lib/:/usr/lib/]
  ignore line: [COLLECT_GCC_OPTIONS='-v' '-o' 'cmTC_47e0c' '-mtune=generic' '-march=x86-64' '-dumpdir' 'cmTC_47e0c.']
  link line: [ /SHARE/modules/d12/gcc/12.2.0/bin/../libexec/gcc/x86_64-linux-gnu/12.2.0/collect2 -plugin /SHARE/modules/d12/gcc/12.2.0/bin/../libexec/gcc/x86_64-linux-gnu/12.2.0/liblto_plugin.so -plugin-opt=/SHARE/modules/d12/gcc/12.2.0/bin/../libexec/gcc/x86_64-linux-gnu/12.2.0/lto-wrapper -plugin-opt=-fresolution=/tmp/ccK4e06B.res -plugin-opt=-pass-through=-lgcc -plugin-opt=-pass-through=-lgcc_s -plugin-opt=-pass-through=-lc -plugin-opt=-pass-through=-lgcc -plugin-opt=-pass-through=-lgcc_s --eh-frame-hdr -m elf_x86_64 -dynamic-linker /lib64/ld-linux-x86-64.so.2 -o cmTC_47e0c /lib/x86_64-linux-gnu/crt1.o /lib/x86_64-linux-gnu/crti.o /SHARE/modules/d12/gcc/12.2.0/bin/../lib/gcc/x86_64-linux-gnu/12.2.0/crtbegin.o -L/SHARE/modules/d12/gcc/12.2.0/bin/../lib/gcc/x86_64-linux-gnu/12.2.0 -L/SHARE/modules/d12/gcc/12.2.0/bin/../lib/gcc/x86_64-linux-gnu -L/SHARE/modules/d12/gcc/12.2.0/bin/../lib/gcc -L/SHARE/modules/d12/gcc/12.2.0/bin/../lib/gcc/x86_64-linux-gnu/12.2.0/../../../../lib64 -L/lib/x86_64-linux-gnu -L/lib/../lib64 -L/usr/lib/x86_64-linux-gnu -L/usr/lib/../lib64 -L/SHARE/modules/d12/gcc/12.2.0/bin/../lib/gcc/x86_64-linux-gnu/12.2.0/../../.. CMakeFiles/cmTC_47e0c.dir/CMakeCCompilerABI.c.o -lgcc --push-state --as-needed -lgcc_s --pop-state -lc -lgcc --push-state --as-needed -lgcc_s --pop-state /SHARE/modules/d12/gcc/12.2.0/bin/../lib/gcc/x86_64-linux-gnu/12.2.0/crtend.o /lib/x86_64-linux-gnu/crtn.o]
    arg [/SHARE/modules/d12/gcc/12.2.0/bin/../libexec/gcc/x86_64-linux-gnu/12.2.0/collect2] ==> ignore
    arg [-plugin] ==> ignore
    arg [/SHARE/modules/d12/gcc/12.2.0/bin/../libexec/gcc/x86_64-linux-gnu/12.2.0/liblto_plugin.so] ==> ignore
    arg [-plugin-opt=/SHARE/modules/d12/gcc/12.2.0/bin/../libexec/gcc/x86_64-linux-gnu/12.2.0/lto-wrapper] ==> ignore
    arg [-plugin-opt=-fresolution=/tmp/ccK4e06B.res] ==> ignore
    arg [-plugin-opt=-pass-through=-lgcc] ==> ignore
    arg [-plugin-opt=-pass-through=-lgcc_s] ==> ignore
    arg [-plugin-opt=-pass-through=-lc] ==> ignore
    arg [-plugin-opt=-pass-through=-lgcc] ==> ignore
    arg [-plugin-opt=-pass-through=-lgcc_s] ==> ignore
    arg [--eh-frame-hdr] ==> ignore
    arg [-m] ==> ignore
    arg [elf_x86_64] ==> ignore
    arg [-dynamic-linker] ==> ignore
    arg [/lib64/ld-linux-x86-64.so.2] ==> ignore
    arg [-o] ==> ignore
    arg [cmTC_47e0c] ==> ignore
    arg [/lib/x86_64-linux-gnu/crt1.o] ==> obj [/lib/x86_64-linux-gnu/crt1.o]
    arg [/lib/x86_64-linux-gnu/crti.o] ==> obj [/lib/x86_64-linux-gnu/crti.o]
    arg [/SHARE/modules/d12/gcc/12.2.0/bin/../lib/gcc/x86_64-linux-gnu/12.2.0/crtbegin.o] ==> obj [/SHARE/modules/d12/gcc/12.2.0/bin/../lib/gcc/x86_64-linux-gnu/12.2.0/crtbegin.o]
    arg [-L/SHARE/modules/d12/gcc/12.2.0/bin/../lib/gcc/x86_64-linux-gnu/12.2.0] ==> dir [/SHARE/modules/d12/gcc/12.2.0/bin/../lib/gcc/x86_64-linux-gnu/12.2.0]
    arg [-L/SHARE/modules/d12/gcc/12.2.0/bin/../lib/gcc/x86_64-linux-gnu] ==> dir [/SHARE/modules/d12/gcc/12.2.0/bin/../lib/gcc/x86_64-linux-gnu]
    arg [-L/SHARE/modules/d12/gcc/12.2.0/bin/../lib/gcc] ==> dir [/SHARE/modules/d12/gcc/12.2.0/bin/../lib/gcc]
    arg [-L/SHARE/modules/d12/gcc/12.2.0/bin/../lib/gcc/x86_64-linux-gnu/12.2.0/../../../../lib64] ==> dir [/SHARE/modules/d12/gcc/12.2.0/bin/../lib/gcc/x86_64-linux-gnu/12.2.0/../../../../lib64]
    arg [-L/lib/x86_64-linux-gnu] ==> dir [/lib/x86_64-linux-gnu]
    arg [-L/lib/../lib64] ==> dir [/lib/../lib64]
    arg [-L/usr/lib/x86_64-linux-gnu] ==> dir [/usr/lib/x86_64-linux-gnu]
    arg [-L/usr/lib/../lib64] ==> dir [/usr/lib/../lib64]
    arg [-L/SHARE/modules/d12/gcc/12.2.0/bin/../lib/gcc/x86_64-linux-gnu/12.2.0/../../..] ==> dir [/SHARE/modules/d12/gcc/12.2.0/bin/../lib/gcc/x86_64-linux-gnu/12.2.0/../../..]
    arg [CMakeFiles/cmTC_47e0c.dir/CMakeCCompilerABI.c.o] ==> ignore
    arg [-lgcc] ==> lib [gcc]
    arg [--push-state] ==> ignore
    arg [--as-needed] ==> ignore
    arg [-lgcc_s] ==> lib [gcc_s]
    arg [--pop-state] ==> ignore
    arg [-lc] ==> lib [c]
    arg [-lgcc] ==> lib [gcc]
    arg [--push-state] ==> ignore
    arg [--as-needed] ==> ignore
    arg [-lgcc_s] ==> lib [gcc_s]
    arg [--pop-state] ==> ignore
    arg [/SHARE/modules/d12/gcc/12.2.0/bin/../lib/gcc/x86_64-linux-gnu/12.2.0/crtend.o] ==> obj [/SHARE/modules/d12/gcc/12.2.0/bin/../lib/gcc/x86_64-linux-gnu/12.2.0/crtend.o]
    arg [/lib/x86_64-linux-gnu/crtn.o] ==> obj [/lib/x86_64-linux-gnu/crtn.o]
  collapse obj [/SHARE/modules/d12/gcc/12.2.0/bin/../lib/gcc/x86_64-linux-gnu/12.2.0/crtbegin.o] ==> [/SHARE/modules/d12/gcc/12.2.0/lib/gcc/x86_64-linux-gnu/12.2.0/crtbegin.o]
  collapse obj [/SHARE/modules/d12/gcc/12.2.0/bin/../lib/gcc/x86_64-linux-gnu/12.2.0/crtend.o] ==> [/SHARE/modules/d12/gcc/12.2.0/lib/gcc/x86_64-linux-gnu/12.2.0/crtend.o]
  collapse library dir [/SHARE/modules/d12/gcc/12.2.0/bin/../lib/gcc/x86_64-linux-gnu/12.2.0] ==> [/SHARE/modules/d12/gcc/12.2.0/lib/gcc/x86_64-linux-gnu/12.2.0]
  collapse library dir [/SHARE/modules/d12/gcc/12.2.0/bin/../lib/gcc/x86_64-linux-gnu] ==> [/SHARE/modules/d12/gcc/12.2.0/lib/gcc/x86_64-linux-gnu]
  collapse library dir [/SHARE/modules/d12/gcc/12.2.0/bin/../lib/gcc] ==> [/SHARE/modules/d12/gcc/12.2.0/lib/gcc]
  collapse library dir [/SHARE/modules/d12/gcc/12.2.0/bin/../lib/gcc/x86_64-linux-gnu/12.2.0/../../../../lib64] ==> [/SHARE/modules/d12/gcc/12.2.0/lib64]
  collapse library dir [/lib/x86_64-linux-gnu] ==> [/lib/x86_64-linux-gnu]
  collapse library dir [/lib/../lib64] ==> [/lib64]
  collapse library dir [/usr/lib/x86_64-linux-gnu] ==> [/usr/lib/x86_64-linux-gnu]
  collapse library dir [/usr/lib/../lib64] ==> [/usr/lib64]
  collapse library dir [/SHARE/modules/d12/gcc/12.2.0/bin/../lib/gcc/x86_64-linux-gnu/12.2.0/../../..] ==> [/SHARE/modules/d12/gcc/12.2.0/lib]
  implicit libs: [gcc;gcc_s;c;gcc;gcc_s]
  implicit objs: [/lib/x86_64-linux-gnu/crt1.o;/lib/x86_64-linux-gnu/crti.o;/SHARE/modules/d12/gcc/12.2.0/lib/gcc/x86_64-linux-gnu/12.2.0/crtbegin.o;/SHARE/modules/d12/gcc/12.2.0/lib/gcc/x86_64-linux-gnu/12.2.0/crtend.o;/lib/x86_64-linux-gnu/crtn.o]
  implicit dirs: [/SHARE/modules/d12/gcc/12.2.0/lib/gcc/x86_64-linux-gnu/12.2.0;/SHARE/modules/d12/gcc/12.2.0/lib/gcc/x86_64-linux-gnu;/SHARE/modules/d12/gcc/12.2.0/lib/gcc;/SHARE/modules/d12/gcc/12.2.0/lib64;/lib/x86_64-linux-gnu;/lib64;/usr/lib/x86_64-linux-gnu;/usr/lib64;/SHARE/modules/d12/gcc/12.2.0/lib]
  implicit fwks: []


Detecting CXX compiler ABI info compiled with the following output:
Change Dir: /SHARE/groups/np/Geant4/TU1CSeibt250924/Simulation/build/CMakeFiles/CMakeScratch/TryCompile-VAkf23

Run Build Command(s):/usr/bin/gmake -f Makefile cmTC_2fad9/fast && /usr/bin/gmake  -f CMakeFiles/cmTC_2fad9.dir/build.make CMakeFiles/cmTC_2fad9.dir/build
gmake[1]: Entering directory '/SHARE/groups/np/Geant4/TU1CSeibt250924/Simulation/build/CMakeFiles/CMakeScratch/TryCompile-VAkf23'
Building CXX object CMakeFiles/cmTC_2fad9.dir/CMakeCXXCompilerABI.cpp.o
/SHARE/modules/d12/gcc/12.2.0/bin/g++   -v -o CMakeFiles/cmTC_2fad9.dir/CMakeCXXCompilerABI.cpp.o -c /usr/share/cmake-3.25/Modules/CMakeCXXCompilerABI.cpp
Using built-in specs.
COLLECT_GCC=/SHARE/modules/d12/gcc/12.2.0/bin/g++
Target: x86_64-linux-gnu
Configured with: ./configure -v --enable-bootstrap --enable-checking=release --disable-multilib --enable-languages=c,c++,fortran --build=x86_64-linux-gnu --host=x86_64-linux-gnu --target=x86_64-linux-gnu --prefix=/SHARE/modules/d12/gcc-12.2.0
Thread model: posix
Supported LTO compression algorithms: zlib
gcc version 12.2.0 (GCC) 
COLLECT_GCC_OPTIONS='-v' '-o' 'CMakeFiles/cmTC_2fad9.dir/CMakeCXXCompilerABI.cpp.o' '-c' '-shared-libgcc' '-mtune=generic' '-march=x86-64' '-dumpdir' 'CMakeFiles/cmTC_2fad9.dir/'
 /SHARE/modules/d12/gcc/12.2.0/bin/../libexec/gcc/x86_64-linux-gnu/12.2.0/cc1plus -quiet -v -imultiarch x86_64-linux-gnu -iprefix /SHARE/modules/d12/gcc/12.2.0/bin/../lib/gcc/x86_64-linux-gnu/12.2.0/ -D_GNU_SOURCE /usr/share/cmake-3.25/Modules/CMakeCXXCompilerABI.cpp -quiet -dumpdir CMakeFiles/cmTC_2fad9.dir/ -dumpbase CMakeCXXCompilerABI.cpp.cpp -dumpbase-ext .cpp -mtune=generic -march=x86-64 -version -o /tmp/cc2Ie9IB.s
GNU C++17 (GCC) version 12.2.0 (x86_64-linux-gnu)
	compiled by GNU C version 12.2.0, GMP version 6.2.1, MPFR version 4.1.0, MPC version 1.2.1, isl version isl-0.24-GMP

GGC heuristics: --param ggc-min-expand=100 --param ggc-min-heapsize=131072
ignoring nonexistent directory "/SHARE/modules/d12/gcc/12.2.0/bin/../lib/gcc/x86_64-linux-gnu/12.2.0/../../../../x86_64-linux-gnu/include"
ignoring duplicate directory "/SHARE/modules/d12/gcc/12.2.0/bin/../lib/gcc/../../lib/gcc/x86_64-linux-gnu/12.2.0/../../../../include/c++/12.2.0"
ignoring duplicate directory "/SHARE/modules/d12/gcc/12.2.0/bin/../lib/gcc/../../lib/gcc/x86_64-linux-gnu/12.2.0/../../../../include/c++/12.2.0/x86_64-linux-gnu"
ignoring duplicate directory "/SHARE/modules/d12/gcc/12.2.0/bin/../lib/gcc/../../lib/gcc/x86_64-linux-gnu/12.2.0/../../../../include/c++/12.2.0/backward"
ignoring duplicate directory "/SHARE/modules/d12/gcc/12.2.0/bin/../lib/gcc/../../lib/gcc/x86_64-linux-gnu/12.2.0/include"
ignoring nonexistent directory "/usr/local/include/x86_64-linux-gnu"
ignoring duplicate directory "/SHARE/modules/d12/gcc/12.2.0/bin/../lib/gcc/../../lib/gcc/x86_64-linux-gnu/12.2.0/include-fixed"
ignoring nonexistent directory "/SHARE/modules/d12/gcc/12.2.0/bin/../lib/gcc/../../lib/gcc/x86_64-linux-gnu/12.2.0/../../../../x86_64-linux-gnu/include"
#include "..." search starts here:
#include <...> search starts here:
 /SHARE/modules/d12/gcc/12.2.0/bin/../lib/gcc/x86_64-linux-gnu/12.2.0/../../../../include/c++/12.2.0
 /SHARE/modules/d12/gcc/12.2.0/bin/../lib/gcc/x86_64-linux-gnu/12.2.0/../../../../include/c++/12.2.0/x86_64-linux-gnu
 /SHARE/modules/d12/gcc/12.2.0/bin/../lib/gcc/x86_64-linux-gnu/12.2.0/../../../../include/c++/12.2.0/backward
 /SHARE/modules/d12/gcc/12.2.0/bin/../lib/gcc/x86_64-linux-gnu/12.2.0/include
 /SHARE/modules/d12/gcc/12.2.0/bin/../lib/gcc/x86_64-linux-gnu/12.2.0/include-fixed
 /usr/local/include
 /SHARE/modules/d12/gcc/12.2.0/bin/../lib/gcc/../../include
 /usr/include/x86_64-linux-gnu
 /usr/include
End of search list.
GNU C++17 (GCC) version 12.2.0 (x86_64-linux-gnu)
	compiled by GNU C version 12.2.0, GMP version 6.2.1, MPFR version 4.1.0, MPC version 1.2.1, isl version isl-0.24-GMP

GGC heuristics: --param ggc-min-expand=100 --param ggc-min-heapsize=131072
Compiler executable checksum: a860707f8b3f8be2178c1723c892dfc8
COLLECT_GCC_OPTIONS='-v' '-o' 'CMakeFiles/cmTC_2fad9.dir/CMakeCXXCompilerABI.cpp.o' '-c' '-shared-libgcc' '-mtune=generic' '-march=x86-64' '-dumpdir' 'CMakeFiles/cmTC_2fad9.dir/'
 as -v --64 -o CMakeFiles/cmTC_2fad9.dir/CMakeCXXCompilerABI.cpp.o /tmp/cc2Ie9IB.s
GNU assembler version 2.40 (x86_64-linux-gnu) using BFD version (GNU Binutils for Debian) 2.40
COMPILER_PATH=/SHARE/modules/d12/gcc/12.2.0/bin/../libexec/gcc/x86_64-linux-gnu/12.2.0/:/SHARE/modules/d12/gcc/12.2.0/bin/../libexec/gcc/x86_64-linux-gnu/:/SHARE/modules/d12/gcc/12.2.0/bin/../libexec/gcc/
LIBRARY_PATH=/SHARE/modules/d12/gcc/12.2.0/bin/../lib/gcc/x86_64-linux-gnu/12.2.0/:/SHARE/modules/d12/gcc/12.2.0/bin/../lib/gcc/x86_64-linux-gnu/:/SHARE/modules/d12/gcc/12.2.0/bin/../lib/gcc/:/SHARE/modules/d12/gcc/12.2.0/bin/../lib/gcc/x86_64-linux-gnu/12.2.0/../../../../lib64/:/lib/x86_64-linux-gnu/:/lib/../lib64/:/usr/lib/x86_64-linux-gnu/:/usr/lib/../lib64/:/SHARE/modules/d12/gcc/12.2.0/bin/../lib/gcc/x86_64-linux-gnu/12.2.0/../../../:/lib/:/usr/lib/
COLLECT_GCC_OPTIONS='-v' '-o' 'CMakeFiles/cmTC_2fad9.dir/CMakeCXXCompilerABI.cpp.o' '-c' '-shared-libgcc' '-mtune=generic' '-march=x86-64' '-dumpdir' 'CMakeFiles/cmTC_2fad9.dir/CMakeCXXCompilerABI.cpp.'
Linking CXX executable cmTC_2fad9
/usr/bin/cmake -E cmake_link_script CMakeFiles/cmTC_2fad9.dir/link.txt --verbose=1
/SHARE/modules/d12/gcc/12.2.0/bin/g++  -v CMakeFiles/cmTC_2fad9.dir/CMakeCXXCompilerABI.cpp.o -o cmTC_2fad9 
Using built-in specs.
COLLECT_GCC=/SHARE/modules/d12/gcc/12.2.0/bin/g++
COLLECT_LTO_WRAPPER=/SHARE/modules/d12/gcc/12.2.0/bin/../libexec/gcc/x86_64-linux-gnu/12.2.0/lto-wrapper
Target: x86_64-linux-gnu
Configured with: ./configure -v --enable-bootstrap --enable-checking=release --disable-multilib --enable-languages=c,c++,fortran --build=x86_64-linux-gnu --host=x86_64-linux-gnu --target=x86_64-linux-gnu --prefix=/SHARE/modules/d12/gcc-12.2.0
Thread model: posix
Supported LTO compression algorithms: zlib
gcc version 12.2.0 (GCC) 
COMPILER_PATH=/SHARE/modules/d12/gcc/12.2.0/bin/../libexec/gcc/x86_64-linux-gnu/12.2.0/:/SHARE/modules/d12/gcc/12.2.0/bin/../libexec/gcc/x86_64-linux-gnu/:/SHARE/modules/d12/gcc/12.2.0/bin/../libexec/gcc/
LIBRARY_PATH=/SHARE/modules/d12/gcc/12.2.0/bin/../lib/gcc/x86_64-linux-gnu/12.2.0/:/SHARE/modules/d12/gcc/12.2.0/bin/../lib/gcc/x86_64-linux-gnu/:/SHARE/modules/d12/gcc/12.2.0/bin/../lib/gcc/:/SHARE/modules/d12/gcc/12.2.0/bin/../lib/gcc/x86_64-linux-gnu/12.2.0/../../../../lib64/:/lib/x86_64-linux-gnu/:/lib/../lib64/:/usr/lib/x86_64-linux-gnu/:/usr/lib/../lib64/:/SHARE/modules/d12/gcc/12.2.0/bin/../lib/gcc/x86_64-linux-gnu/12.2.0/../../../:/lib/:/usr/lib/
COLLECT_GCC_OPTIONS='-v' '-o' 'cmTC_2fad9' '-shared-libgcc' '-mtune=generic' '-march=x86-64' '-dumpdir' 'cmTC_2fad9.'
 /SHARE/modules/d12/gcc/12.2.0/bin/../libexec/gcc/x86_64-linux-gnu/12.2.0/collect2 -plugin /SHARE/modules/d12/gcc/12.2.0/bin/../libexec/gcc/x86_64-linux-gnu/12.2.0/liblto_plugin.so -plugin-opt=/SHARE/modules/d12/gcc/12.2.0/bin/../libexec/gcc/x86_64-linux-gnu/12.2.0/lto-wrapper -plugin-opt=-fresolution=/tmp/ccxGVLDK.res -plugin-opt=-pass-through=-lgcc_s -plugin-opt=-pass-through=-lgcc -plugin-opt=-pass-through=-lc -plugin-opt=-pass-through=-lgcc_s -plugin-opt=-pass-through=-lgcc --eh-frame-hdr -m elf_x86_64 -dynamic-linker /lib64/ld-linux-x86-64.so.2 -o cmTC_2fad9 /lib/x86_64-linux-gnu/crt1.o /lib/x86_64-linux-gnu/crti.o /SHARE/modules/d12/gcc/12.2.0/bin/../lib/gcc/x86_64-linux-gnu/12.2.0/crtbegin.o -L/SHARE/modules/d12/gcc/12.2.0/bin/../lib/gcc/x86_64-linux-gnu/12.2.0 -L/SHARE/modules/d12/gcc/12.2.0/bin/../lib/gcc/x86_64-linux-gnu -L/SHARE/modules/d12/gcc/12.2.0/bin/../lib/gcc -L/SHARE/modules/d12/gcc/12.2.0/bin/../lib/gcc/x86_64-linux-gnu/12.2.0/../../../../lib64 -L/lib/x86_64-linux-gnu -L/lib/../lib64 -L/usr/lib/x86_64-linux-gnu -L/usr/lib/../lib64 -L/SHARE/modules/d12/gcc/12.2.0/bin/../lib/gcc/x86_64-linux-gnu/12.2.0/../../.. CMakeFiles/cmTC_2fad9.dir/CMakeCXXCompilerABI.cpp.o -lstdc++ -lm -lgcc_s -lgcc -lc -lgcc_s -lgcc /SHARE/modules/d12/gcc/12.2.0/bin/../lib/gcc/x86_64-linux-gnu/12.2.0/crtend.o /lib/x86_64-linux-gnu/crtn.o
COLLECT_GCC_OPTIONS='-v' '-o' 'cmTC_2fad9' '-shared-libgcc' '-mtune=generic' '-march=x86-64' '-dumpdir' 'cmTC_2fad9.'
gmake[1]: Leaving directory '/SHARE/groups/np/Geant4/TU1CSeibt250924/Simulation/build/CMakeFiles/CMakeScratch/TryCompile-VAkf23'



Parsed CXX implicit include dir info from above output: rv=done
  found start of include info
  found start of implicit include info
    add: [/SHARE/modules/d12/gcc/12.2.0/bin/../lib/gcc/x86_64-linux-gnu/12.2.0/../../../../include/c++/12.2.0]
    add: [/SHARE/modules/d12/gcc/12.2.0/bin/../lib/gcc/x86_64-linux-gnu/12.2.0/../../../../include/c++/12.2.0/x86_64-linux-gnu]
    add: [/SHARE/modules/d12/gcc/12.2.0/bin/../lib/gcc/x86_64-linux-gnu/12.2.0/../../../../include/c++/12.2.0/backward]
    add: [/SHARE/modules/d12/gcc/12.2.0/bin/../lib/gcc/x86_64-linux-gnu/12.2.0/include]
    add: [/SHARE/modules/d12/gcc/12.2.0/bin/../lib/gcc/x86_64-linux-gnu/12.2.0/include-fixed]
    add: [/usr/local/include]
    add: [/SHARE/modules/d12/gcc/12.2.0/bin/../lib/gcc/../../include]
    add: [/usr/include/x86_64-linux-gnu]
    add: [/usr/include]
  end of search list found
  collapse include dir [/SHARE/modules/d12/gcc/12.2.0/bin/../lib/gcc/x86_64-linux-gnu/12.2.0/../../../../include/c++/12.2.0] ==> [/SHARE/modules/d12/gcc/12.2.0/include/c++/12.2.0]
  collapse include dir [/SHARE/modules/d12/gcc/12.2.0/bin/../lib/gcc/x86_64-linux-gnu/12.2.0/../../../../include/c++/12.2.0/x86_64-linux-gnu] ==> [/SHARE/modules/d12/gcc/12.2.0/include/c++/12.2.0/x86_64-linux-gnu]
  collapse include dir [/SHARE/modules/d12/gcc/12.2.0/bin/../lib/gcc/x86_64-linux-gnu/12.2.0/../../../../include/c++/12.2.0/backward] ==> [/SHARE/modules/d12/gcc/12.2.0/include/c++/12.2.0/backward]
  collapse include dir [/SHARE/modules/d12/gcc/12.2.0/bin/../lib/gcc/x86_64-linux-gnu/12.2.0/include] ==> [/SHARE/modules/d12/gcc/12.2.0/lib/gcc/x86_64-linux-gnu/12.2.0/include]
  collapse include dir [/SHARE/modules/d12/gcc/12.2.0/bin/../lib/gcc/x86_64-linux-gnu/12.2.0/include-fixed] ==> [/SHARE/modules/d12/gcc/12.2.0/lib/gcc/x86_64-linux-gnu/12.2.0/include-fixed]
  collapse include dir [/usr/local/include] ==> [/usr/local/include]
  collapse include dir [/SHARE/modules/d12/gcc/12.2.0/bin/../lib/gcc/../../include] ==> [/SHARE/modules/d12/gcc/12.2.0/include]
  collapse include dir [/usr/include/x86_64-linux-gnu] ==> [/usr/include/x86_64-linux-gnu]
  collapse include dir [/usr/include] ==> [/usr/include]
  implicit include dirs: [/SHARE/modules/d12/gcc/12.2.0/include/c++/12.2.0;/SHARE/modules/d12/gcc/12.2.0/include/c++/12.2.0/x86_64-linux-gnu;/SHARE/modules/d12/gcc/12.2.0/include/c++/12.2.0/backward;/SHARE/modules/d12/gcc/12.2.0/lib/gcc/x86_64-linux-gnu/12.2.0/include;/SHARE/modules/d12/gcc/12.2.0/lib/gcc/x86_64-linux-gnu/12.2.0/include-fixed;/usr/local/include;/SHARE/modules/d12/gcc/12.2.0/include;/usr/include/x86_64-linux-gnu;/usr/include]


Parsed CXX implicit link information from above output:
  link line regex: [^( *|.*[/\])(ld|CMAKE_LINK_STARTFILE-NOTFOUND|([^/\]+-)?ld|collect2)[^/\]*( |$)]
  ignore line: [Change Dir: /SHARE/groups/np/Geant4/TU1CSeibt250924/Simulation/build/CMakeFiles/CMakeScratch/TryCompile-VAkf23]
  ignore line: []
  ignore line: [Run Build Command(s):/usr/bin/gmake -f Makefile cmTC_2fad9/fast && /usr/bin/gmake  -f CMakeFiles/cmTC_2fad9.dir/build.make CMakeFiles/cmTC_2fad9.dir/build]
  ignore line: [gmake[1]: Entering directory '/SHARE/groups/np/Geant4/TU1CSeibt250924/Simulation/build/CMakeFiles/CMakeScratch/TryCompile-VAkf23']
  ignore line: [Building CXX object CMakeFiles/cmTC_2fad9.dir/CMakeCXXCompilerABI.cpp.o]
  ignore line: [/SHARE/modules/d12/gcc/12.2.0/bin/g++   -v -o CMakeFiles/cmTC_2fad9.dir/CMakeCXXCompilerABI.cpp.o -c /usr/share/cmake-3.25/Modules/CMakeCXXCompilerABI.cpp]
  ignore line: [Using built-in specs.]
  ignore line: [COLLECT_GCC=/SHARE/modules/d12/gcc/12.2.0/bin/g++]
  ignore line: [Target: x86_64-linux-gnu]
  ignore line: [Configured with: ./configure -v --enable-bootstrap --enable-checking=release --disable-multilib --enable-languages=c c++ fortran --build=x86_64-linux-gnu --host=x86_64-linux-gnu --target=x86_64-linux-gnu --prefix=/SHARE/modules/d12/gcc-12.2.0]
  ignore line: [Thread model: posix]
  ignore line: [Supported LTO compression algorithms: zlib]
  ignore line: [gcc version 12.2.0 (GCC) ]
  ignore line: [COLLECT_GCC_OPTIONS='-v' '-o' 'CMakeFiles/cmTC_2fad9.dir/CMakeCXXCompilerABI.cpp.o' '-c' '-shared-libgcc' '-mtune=generic' '-march=x86-64' '-dumpdir' 'CMakeFiles/cmTC_2fad9.dir/']
  ignore line: [ /SHARE/modules/d12/gcc/12.2.0/bin/../libexec/gcc/x86_64-linux-gnu/12.2.0/cc1plus -quiet -v -imultiarch x86_64-linux-gnu -iprefix /SHARE/modules/d12/gcc/12.2.0/bin/../lib/gcc/x86_64-linux-gnu/12.2.0/ -D_GNU_SOURCE /usr/share/cmake-3.25/Modules/CMakeCXXCompilerABI.cpp -quiet -dumpdir CMakeFiles/cmTC_2fad9.dir/ -dumpbase CMakeCXXCompilerABI.cpp.cpp -dumpbase-ext .cpp -mtune=generic -march=x86-64 -version -o /tmp/cc2Ie9IB.s]
  ignore line: [GNU C++17 (GCC) version 12.2.0 (x86_64-linux-gnu)]
  ignore line: [	compiled by GNU C version 12.2.0  GMP version 6.2.1  MPFR version 4.1.0  MPC version 1.2.1  isl version isl-0.24-GMP]
  ignore line: []
  ignore line: [GGC heuristics: --param ggc-min-expand=100 --param ggc-min-heapsize=131072]
  ignore line: [ignoring nonexistent directory "/SHARE/modules/d12/gcc/12.2.0/bin/../lib/gcc/x86_64-linux-gnu/12.2.0/../../../../x86_64-linux-gnu/include"]
  ignore line: [ignoring duplicate directory "/SHARE/modules/d12/gcc/12.2.0/bin/../lib/gcc/../../lib/gcc/x86_64-linux-gnu/12.2.0/../../../../include/c++/12.2.0"]
  ignore line: [ignoring duplicate directory "/SHARE/modules/d12/gcc/12.2.0/bin/../lib/gcc/../../lib/gcc/x86_64-linux-gnu/12.2.0/../../../../include/c++/12.2.0/x86_64-linux-gnu"]
  ignore line: [ignoring duplicate directory "/SHARE/modules/d12/gcc/12.2.0/bin/../lib/gcc/../../lib/gcc/x86_64-linux-gnu/12.2.0/../../../../include/c++/12.2.0/backward"]
  ignore line: [ignoring duplicate directory "/SHARE/modules/d12/gcc/12.2.0/bin/../lib/gcc/../../lib/gcc/x86_64-linux-gnu/12.2.0/include"]
  ignore line: [ignoring nonexistent directory "/usr/local/include/x86_64-linux-gnu"]
  ignore line: [ignoring duplicate directory "/SHARE/modules/d12/gcc/12.2.0/bin/../lib/gcc/../../lib/gcc/x86_64-linux-gnu/12.2.0/include-fixed"]
  ignore line: [ignoring nonexistent directory "/SHARE/modules/d12/gcc/12.2.0/bin/../lib/gcc/../../lib/gcc/x86_64-linux-gnu/12.2.0/../../../../x86_64-linux-gnu/include"]
  ignore line: [#include "..." search starts here:]
  ignore line: [#include <...> search starts here:]
  ignore line: [ /SHARE/modules/d12/gcc/12.2.0/bin/../lib/gcc/x86_64-linux-gnu/12.2.0/../../../../include/c++/12.2.0]
  ignore line: [ /SHARE/modules/d12/gcc/12.2.0/bin/../lib/gcc/x86_64-linux-gnu/12.2.0/../../../../include/c++/12.2.0/x86_64-linux-gnu]
  ignore line: [ /SHARE/modules/d12/gcc/12.2.0/bin/../lib/gcc/x86_64-linux-gnu/12.2.0/../../../../include/c++/12.2.0/backward]
  ignore line: [ /SHARE/modules/d12/gcc/12.2.0/bin/../lib/gcc/x86_64-linux-gnu/12.2.0/include]
  ignore line: [ /SHARE/modules/d12/gcc/12.2.0/bin/../lib/gcc/x86_64-linux-gnu/12.2.0/include-fixed]
  ignore line: [ /usr/local/include]
  ignore line: [ /SHARE/modules/d12/gcc/12.2.0/bin/../lib/gcc/../../include]
  ignore line: [ /usr/include/x86_64-linux-gnu]
  ignore line: [ /usr/include]
  ignore line: [End of search list.]
  ignore line: [GNU C++17 (GCC) version 12.2.0 (x86_64-linux-gnu)]
  ignore line: [	compiled by GNU C version 12.2.0  GMP version 6.2.1  MPFR version 4.1.0  MPC version 1.2.1  isl version isl-0.24-GMP]
  ignore line: []
  ignore line: [GGC heuristics: --param ggc-min-expand=100 --param ggc-min-heapsize=131072]
  ignore line: [Compiler executable checksum: a860707f8b3f8be2178c1723c892dfc8]
  ignore line: [COLLECT_GCC_OPTIONS='-v' '-o' 'CMakeFiles/cmTC_2fad9.dir/CMakeCXXCompilerABI.cpp.o' '-c' '-shared-libgcc' '-mtune=generic' '-march=x86-64' '-dumpdir' 'CMakeFiles/cmTC_2fad9.dir/']
  ignore line: [ as -v --64 -o CMakeFiles/cmTC_2fad9.dir/CMakeCXXCompilerABI.cpp.o /tmp/cc2Ie9IB.s]
  ignore line: [GNU assembler version 2.40 (x86_64-linux-gnu) using BFD version (GNU Binutils for Debian) 2.40]
  ignore line: [COMPILER_PATH=/SHARE/modules/d12/gcc/12.2.0/bin/../libexec/gcc/x86_64-linux-gnu/12.2.0/:/SHARE/modules/d12/gcc/12.2.0/bin/../libexec/gcc/x86_64-linux-gnu/:/SHARE/modules/d12/gcc/12.2.0/bin/../libexec/gcc/]
  ignore line: [LIBRARY_PATH=/SHARE/modules/d12/gcc/12.2.0/bin/../lib/gcc/x86_64-linux-gnu/12.2.0/:/SHARE/modules/d12/gcc/12.2.0/bin/../lib/gcc/x86_64-linux-gnu/:/SHARE/modules/d12/gcc/12.2.0/bin/../lib/gcc/:/SHARE/modules/d12/gcc/12.2.0/bin/../lib/gcc/x86_64-linux-gnu/12.2.0/../../../../lib64/:/lib/x86_64-linux-gnu/:/lib/../lib64/:/usr/lib/x86_64-linux-gnu/:/usr/lib/../lib64/:/SHARE/modules/d12/gcc/12.2.0/bin/../lib/gcc/x86_64-linux-gnu/12.2.0/../../../:/lib/:/usr/lib/]
  ignore line: [COLLECT_GCC_OPTIONS='-v' '-o' 'CMakeFiles/cmTC_2fad9.dir/CMakeCXXCompilerABI.cpp.o' '-c' '-shared-libgcc' '-mtune=generic' '-march=x86-64' '-dumpdir' 'CMakeFiles/cmTC_2fad9.dir/CMakeCXXCompilerABI.cpp.']
  ignore line: [Linking CXX executable cmTC_2fad9]
  ignore line: [/usr/bin/cmake -E cmake_link_script CMakeFiles/cmTC_2fad9.dir/link.txt --verbose=1]
  ignore line: [/SHARE/modules/d12/gcc/12.2.0/bin/g++  -v CMakeFiles/cmTC_2fad9.dir/CMakeCXXCompilerABI.cpp.o -o cmTC_2fad9 ]
  ignore line: [Using built-in specs.]
  ignore line: [COLLECT_GCC=/SHARE/modules/d12/gcc/12.2.0/bin/g++]
  ignore line: [COLLECT_LTO_WRAPPER=/SHARE/modules/d12/gcc/12.2.0/bin/../libexec/gcc/x86_64-linux-gnu/12.2.0/lto-wrapper]
  ignore line: [Target: x86_64-linux-gnu]
  ignore line: [Configured with: ./configure -v --enable-bootstrap --enable-checking=release --disable-multilib --enable-languages=c c++ fortran --build=x86_64-linux-gnu --host=x86_64-linux-gnu --target=x86_64-linux-gnu --prefix=/SHARE/modules/d12/gcc-12.2.0]
  ignore line: [Thread model: posix]
  ignore line: [Supported LTO compression algorithms: zlib]
  ignore line: [gcc version 12.2.0 (GCC) ]
  ignore line: [COMPILER_PATH=/SHARE/modules/d12/gcc/12.2.0/bin/../libexec/gcc/x86_64-linux-gnu/12.2.0/:/SHARE/modules/d12/gcc/12.2.0/bin/../libexec/gcc/x86_64-linux-gnu/:/SHARE/modules/d12/gcc/12.2.0/bin/../libexec/gcc/]
  ignore line: [LIBRARY_PATH=/SHARE/modules/d12/gcc/12.2.0/bin/../lib/gcc/x86_64-linux-gnu/12.2.0/:/SHARE/modules/d12/gcc/12.2.0/bin/../lib/gcc/x86_64-linux-gnu/:/SHARE/modules/d12/gcc/12.2.0/bin/../lib/gcc/:/SHARE/modules/d12/gcc/12.2.0/bin/../lib/gcc/x86_64-linux-gnu/12.2.0/../../../../lib64/:/lib/x86_64-linux-gnu/:/lib/../lib64/:/usr/lib/x86_64-linux-gnu/:/usr/lib/../lib64/:/SHARE/modules/d12/gcc/12.2.0/bin/../lib/gcc/x86_64-linux-gnu/12.2.0/../../../:/lib/:/usr/lib/]
  ignore line: [COLLECT_GCC_OPTIONS='-v' '-o' 'cmTC_2fad9' '-shared-libgcc' '-mtune=generic' '-march=x86-64' '-dumpdir' 'cmTC_2fad9.']
  link line: [ /SHARE/modules/d12/gcc/12.2.0/bin/../libexec/gcc/x86_64-linux-gnu/12.2.0/collect2 -plugin /SHARE/modules/d12/gcc/12.2.0/bin/../libexec/gcc/x86_64-linux-gnu/12.2.0/liblto_plugin.so -plugin-opt=/SHARE/modules/d12/gcc/12.2.0/bin/../libexec/gcc/x86_64-linux-gnu/12.2.0/lto-wrapper -plugin-opt=-fresolution=/tmp/ccxGVLDK.res -plugin-opt=-pass-through=-lgcc_s -plugin-opt=-pass-through=-lgcc -plugin-opt=-pass-through=-lc -plugin-opt=-pass-through=-lgcc_s -plugin-opt=-pass-through=-lgcc --eh-frame-hdr -m elf_x86_64 -dynamic-linker /lib64/ld-linux-x86-64.so.2 -o cmTC_2fad9 /lib/x86_64-linux-gnu/crt1.o /lib/x86_64-linux-gnu/crti.o /SHARE/modules/d12/gcc/12.2.0/bin/../lib/gcc/x86_64-linux-gnu/12.2.0/crtbegin.o -L/SHARE/modules/d12/gcc/12.2.0/bin/../lib/gcc/x86_64-linux-gnu/12.2.0 -L/SHARE/modules/d12/gcc/12.2.0/bin/../lib/gcc/x86_64-linux-gnu -L/SHARE/modules/d12/gcc/12.2.0/bin/../lib/gcc -L/SHARE/modules/d12/gcc/12.2.0/bin/../lib/gcc/x86_64-linux-gnu/12.2.0/../../../../lib64 -L/lib/x86_64-linux-gnu -L/lib/../lib64 -L/usr/lib/x86_64-linux-gnu -L/usr/lib/../lib64 -L/SHARE/modules/d12/gcc/12.2.0/bin/../lib/gcc/x86_64-linux-gnu/12.2.0/../../.. CMakeFiles/cmTC_2fad9.dir/CMakeCXXCompilerABI.cpp.o -lstdc++ -lm -lgcc_s -lgcc -lc -lgcc_s -lgcc /SHARE/modules/d12/gcc/12.2.0/bin/../lib/gcc/x86_64-linux-gnu/12.2.0/crtend.o /lib/x86_64-linux-gnu/crtn.o]
    arg [/SHARE/modules/d12/gcc/12.2.0/bin/../libexec/gcc/x86_64-linux-gnu/12.2.0/collect2] ==> ignore
    arg [-plugin] ==> ignore
    arg [/SHARE/modules/d12/gcc/12.2.0/bin/../libexec/gcc/x86_64-linux-gnu/12.2.0/liblto_plugin.so] ==> ignore
    arg [-plugin-opt=/SHARE/modules/d12/gcc/12.2.0/bin/../libexec/gcc/x86_64-linux-gnu/12.2.0/lto-wrapper] ==> ignore
    arg [-plugin-opt=-fresolution=/tmp/ccxGVLDK.res] ==> ignore
    arg [-plugin-opt=-pass-through=-lgcc_s] ==> ignore
    arg [-plugin-opt=-pass-through=-lgcc] ==> ignore
    arg [-plugin-opt=-pass-through=-lc] ==> ignore
    arg [-plugin-opt=-pass-through=-lgcc_s] ==> ignore
    arg [-plugin-opt=-pass-through=-lgcc] ==> ignore
    arg [--eh-frame-hdr] ==> ignore
    arg [-m] ==> ignore
    arg [elf_x86_64] ==> ignore
    arg [-dynamic-linker] ==> ignore
    arg [/lib64/ld-linux-x86-64.so.2] ==> ignore
    arg [-o] ==> ignore
    arg [cmTC_2fad9] ==> ignore
    arg [/lib/x86_64-linux-gnu/crt1.o] ==> obj [/lib/x86_64-linux-gnu/crt1.o]
    arg [/lib/x86_64-linux-gnu/crti.o] ==> obj [/lib/x86_64-linux-gnu/crti.o]
    arg [/SHARE/modules/d12/gcc/12.2.0/bin/../lib/gcc/x86_64-linux-gnu/12.2.0/crtbegin.o] ==> obj [/SHARE/modules/d12/gcc/12.2.0/bin/../lib/gcc/x86_64-linux-gnu/12.2.0/crtbegin.o]
    arg [-L/SHARE/modules/d12/gcc/12.2.0/bin/../lib/gcc/x86_64-linux-gnu/12.2.0] ==> dir [/SHARE/modules/d12/gcc/12.2.0/bin/../lib/gcc/x86_64-linux-gnu/12.2.0]
    arg [-L/SHARE/modules/d12/gcc/12.2.0/bin/../lib/gcc/x86_64-linux-gnu] ==> dir [/SHARE/modules/d12/gcc/12.2.0/bin/../lib/gcc/x86_64-linux-gnu]
    arg [-L/SHARE/modules/d12/gcc/12.2.0/bin/../lib/gcc] ==> dir [/SHARE/modules/d12/gcc/12.2.0/bin/../lib/gcc]
    arg [-L/SHARE/modules/d12/gcc/12.2.0/bin/../lib/gcc/x86_64-linux-gnu/12.2.0/../../../../lib64] ==> dir [/SHARE/modules/d12/gcc/12.2.0/bin/../lib/gcc/x86_64-linux-gnu/12.2.0/../../../../lib64]
    arg [-L/lib/x86_64-linux-gnu] ==> dir [/lib/x86_64-linux-gnu]
    arg [-L/lib/../lib64] ==> dir [/lib/../lib64]
    arg [-L/usr/lib/x86_64-linux-gnu] ==> dir [/usr/lib/x86_64-linux-gnu]
    arg [-L/usr/lib/../lib64] ==> dir [/usr/lib/../lib64]
    arg [-L/SHARE/modules/d12/gcc/12.2.0/bin/../lib/gcc/x86_64-linux-gnu/12.2.0/../../..] ==> dir [/SHARE/modules/d12/gcc/12.2.0/bin/../lib/gcc/x86_64-linux-gnu/12.2.0/../../..]
    arg [CMakeFiles/cmTC_2fad9.dir/CMakeCXXCompilerABI.cpp.o] ==> ignore
    arg [-lstdc++] ==> lib [stdc++]
    arg [-lm] ==> lib [m]
    arg [-lgcc_s] ==> lib [gcc_s]
    arg [-lgcc] ==> lib [gcc]
    arg [-lc] ==> lib [c]
    arg [-lgcc_s] ==> lib [gcc_s]
    arg [-lgcc] ==> lib [gcc]
    arg [/SHARE/modules/d12/gcc/12.2.0/bin/../lib/gcc/x86_64-linux-gnu/12.2.0/crtend.o] ==> obj [/SHARE/modules/d12/gcc/12.2.0/bin/../lib/gcc/x86_64-linux-gnu/12.2.0/crtend.o]
    arg [/lib/x86_64-linux-gnu/crtn.o] ==> obj [/lib/x86_64-linux-gnu/crtn.o]
  collapse obj [/SHARE/modules/d12/gcc/12.2.0/bin/../lib/gcc/x86_64-linux-gnu/12.2.0/crtbegin.o] ==> [/SHARE/modules/d12/gcc/12.2.0/lib/gcc/x86_64-linux-gnu/12.2.0/crtbegin.o]
  collapse obj [/SHARE/modules/d12/gcc/12.2.0/bin/../lib/gcc/x86_64-linux-gnu/12.2.0/crtend.o] ==> [/SHARE/modules/d12/gcc/12.2.0/lib/gcc/x86_64-linux-gnu/12.2.0/crtend.o]
  collapse library dir [/SHARE/modules/d12/gcc/12.2.0/bin/../lib/gcc/x86_64-linux-gnu/12.2.0] ==> [/SHARE/modules/d12/gcc/12.2.0/lib/gcc/x86_64-linux-gnu/12.2.0]
  collapse library dir [/SHARE/modules/d12/gcc/12.2.0/bin/../lib/gcc/x86_64-linux-gnu] ==> [/SHARE/modules/d12/gcc/12.2.0/lib/gcc/x86_64-linux-gnu]
  collapse library dir [/SHARE/modules/d12/gcc/12.2.0/bin/../lib/gcc] ==> [/SHARE/modules/d12/gcc/12.2.0/lib/gcc]
  collapse library dir [/SHARE/modules/d12/gcc/12.2.0/bin/../lib/gcc/x86_64-linux-gnu/12.2.0/../../../../lib64] ==> [/SHARE/modules/d12/gcc/12.2.0/lib64]
  collapse library dir [/lib/x86_64-linux-gnu] ==> [/lib/x86_64-linux-gnu]
  collapse library dir [/lib/../lib64] ==> [/lib64]
  collapse library dir [/usr/lib/x86_64-linux-gnu] ==> [/usr/lib/x86_64-linux-gnu]
  collapse library dir [/usr/lib/../lib64] ==> [/usr/lib64]
  collapse library dir [/SHARE/modules/d12/gcc/12.2.0/bin/../lib/gcc/x86_64-linux-gnu/12.2.0/../../..] ==> [/SHARE/modules/d12/gcc/12.2.0/lib]
  implicit libs: [stdc++;m;gcc_s;gcc;c;gcc_s;gcc]
  implicit objs: [/lib/x86_64-linux-gnu/crt1.o;/lib/x86_64-linux-gnu/crti.o;/SHARE/modules/d12/gcc/12.2.0/lib/gcc/x86_64-linux-gnu/12.2.0/crtbegin.o;/SHARE/modules/d12/gcc/12.2.0/lib/gcc/x86_64-linux-gnu/12.2.0/crtend.o;/lib/x86_64-linux-gnu/crtn.o]
  implicit dirs: [/SHARE/modules/d12/gcc/12.2.0/lib/gcc/x86_64-linux-gnu/12.2.0;/SHARE/modules/d12/gcc/12.2.0/lib/gcc/x86_64-linux-gnu;/SHARE/modules/d12/gcc/12.2.0/lib/gcc;/SHARE/modules/d12/gcc/12.2.0/lib64;/lib/x86_64-linux-gnu;/lib64;/usr/lib/x86_64-linux-gnu;/usr/lib64;/SHARE/modules/d12/gcc/12.2.0/lib]
  implicit fwks: []


Performing C SOURCE FILE Test CMAKE_HAVE_LIBC_PTHREAD succeeded with the following output:
Change Dir: /SHARE/groups/np/Geant4/TU1CSeibt250924/Simulation/build/CMakeFiles/CMakeScratch/TryCompile-QvDxZU

Run Build Command(s):/usr/bin/gmake -f Makefile cmTC_12409/fast && /usr/bin/gmake  -f CMakeFiles/cmTC_12409.dir/build.make CMakeFiles/cmTC_12409.dir/build
gmake[1]: Entering directory '/SHARE/groups/np/Geant4/TU1CSeibt250924/Simulation/build/CMakeFiles/CMakeScratch/TryCompile-QvDxZU'
Building C object CMakeFiles/cmTC_12409.dir/src.c.o
/SHARE/modules/d12/gcc/12.2.0/bin/gcc -DCMAKE_HAVE_LIBC_PTHREAD   -o CMakeFiles/cmTC_12409.dir/src.c.o -c /SHARE/groups/np/Geant4/TU1CSeibt250924/Simulation/build/CMakeFiles/CMakeScratch/TryCompile-QvDxZU/src.c
Linking C executable cmTC_12409
/usr/bin/cmake -E cmake_link_script CMakeFiles/cmTC_12409.dir/link.txt --verbose=1
/SHARE/modules/d12/gcc/12.2.0/bin/gcc CMakeFiles/cmTC_12409.dir/src.c.o -o cmTC_12409 
gmake[1]: Leaving directory '/SHARE/groups/np/Geant4/TU1CSeibt250924/Simulation/build/CMakeFiles/CMakeScratch/TryCompile-QvDxZU'


Source file was:
#include <pthread.h>

static void* test_func(void* data)
{
  return data;
}

int main(void)
{
  pthread_t thread;
  pthread_create(&thread, NULL, test_func, NULL);
  pthread_detach(thread);
  pthread_cancel(thread);
  pthread_join(thread, NULL);
  pthread_atfork(NULL, NULL, NULL);
  pthread_exit(NULL);

  return 0;
}


